2022-09-05 11:59:00,517 INFO: 
                ____                _       _____  ____
               / __ ) ____ _ _____ (_)_____/ ___/ / __ \
              / __  |/ __ `// ___// // ___/\__ \ / /_/ /
             / /_/ // /_/ /(__  )/ // /__ ___/ // _, _/
            /_____/ \__,_//____//_/ \___//____//_/ |_|
     ______                   __   __                 __      __
    / ____/____   ____   ____/ /  / /   __  __ _____ / /__   / /
   / / __ / __ \ / __ \ / __  /  / /   / / / // ___// //_/  / /
  / /_/ // /_/ // /_/ // /_/ /  / /___/ /_/ // /__ / /<    /_/
  \____/ \____/ \____/ \____/  /_____/\____/ \___//_/|_|  (_)
    
Version Information: 
	BasicSR: 1.2.0+733ceb2
	PyTorch: 1.8.1
	TorchVision: 0.2.2
2022-09-05 11:59:00,518 INFO: 
  name: Deraining_Restormer_RandomCropNum
  model_type: ImageCleanModel
  scale: 1
  num_gpu: 2
  manual_seed: 100
  datasets:[
    train:[
      name: TrainSet
      type: Dataset_PairedImage
      dataroot_gt: ./Deraining/Datasets/train/Face128/input
      dataroot_lq: ./Deraining/Datasets/train/Face128/input
      geometric_augs: True
      filename_tmpl: {}
      io_backend:[
        type: disk
      ]
      use_shuffle: True
      num_worker_per_gpu: 4
      batch_size_per_gpu: 1
      mini_batch_sizes: [1]
      iters: [300000]
      gt_size: 128
      gt_sizes: [128]
      dataset_enlarge_ratio: 1
      prefetch_mode: None
      phase: train
      scale: 1
    ]
    val:[
      name: ValSet
      type: Dataset_PairedImage
      dataroot_gt: ./Deraining/Datasets/test/Face128
      dataroot_lq: ./Deraining/Datasets/test/Face128
      io_backend:[
        type: disk
      ]
      phase: val
      scale: 1
    ]
  ]
  network_g:[
    type: Restormer
    inp_channels: 3
    out_channels: 3
    dim: 48
    num_blocks: [4, 6, 6, 8]
    num_refinement_blocks: 4
    heads: [1, 2, 4, 8]
    ffn_expansion_factor: 2.66
    bias: False
    LayerNorm_type: WithBias
    dual_pixel_task: False
  ]
  path:[
    pretrain_network_g: ./Deraining/pretrained_models/randomCrop1.pth
    strict_load_g: True
    resume_state: None
    root: /home/jhwu/DL/project/Restormer
    experiments_root: /home/jhwu/DL/project/Restormer/experiments/Deraining_Restormer_RandomCropNum
    models: /home/jhwu/DL/project/Restormer/experiments/Deraining_Restormer_RandomCropNum/models
    training_states: /home/jhwu/DL/project/Restormer/experiments/Deraining_Restormer_RandomCropNum/training_states
    log: /home/jhwu/DL/project/Restormer/experiments/Deraining_Restormer_RandomCropNum
    visualization: /home/jhwu/DL/project/Restormer/experiments/Deraining_Restormer_RandomCropNum/visualization
  ]
  train:[
    total_iter: 300000
    warmup_iter: -1
    use_grad_clip: True
    scheduler:[
      type: CosineAnnealingRestartCyclicLR
      periods: [92000, 208000]
      restart_weights: [1, 1]
      eta_mins: [0.0003, 1e-06]
    ]
    mixing_augs:[
      mixup: False
      mixup_beta: 1.2
      use_identity: True
    ]
    optim_g:[
      type: AdamW
      lr: 0.0003
      weight_decay: 0.0001
      betas: [0.9, 0.999]
    ]
    pixel_opt:[
      type: L1Loss
      loss_weight: 1
      reduction: mean
    ]
  ]
  val:[
    window_size: 8
    val_freq: 1000.0
    save_img: True
    rgb2bgr: True
    use_image: True
    max_minibatch: 8
    metrics:[
      psnr:[
        type: calculate_psnr
        crop_border: 0
        test_y_channel: True
      ]
    ]
  ]
  logger:[
    print_freq: 100
    save_checkpoint_freq: 1000.0
    use_tb_logger: True
    wandb:[
      project: None
      resume_id: None
    ]
  ]
  dist_params:[
    backend: nccl
    port: 29500
  ]
  is_train: True
  dist: True
  rank: 0
  world_size: 4

2022-09-05 11:59:09,060 INFO: Dataset Dataset_PairedImage - TrainSet is created.
2022-09-05 11:59:09,060 INFO: Training statistics:
	Number of train images: 29900
	Dataset enlarge ratio: 1
	Batch size per gpu: 1
	World size (gpu number): 4
	Require iter number per epoch: 7475
	Total epochs: 41; iters: 300000.
2022-09-05 11:59:09,065 INFO: Dataset Dataset_PairedImage - ValSet is created.
2022-09-05 11:59:09,065 INFO: Number of val images/folders in ValSet: 100
